


ARM Macro Assembler    Page 1 


    1 00000000                 AREA             rtos_function, CODE, READONLY
    2 00000000         ; Mã c?a b?n ? dây
    3 00000000                 END
Command Line: --debug --xref --diag_suppress=9931 --cpu=Cortex-M3 --apcs=interw
ork --depend=.\stm32_nolibrary\switch.d -o.\stm32_nolibrary\switch.o -I.\RTE\_S
TM32_NOLIBRARY -IC:\Users\ADMIN\AppData\Local\Arm\Packs\ARM\CMSIS\5.7.0\CMSIS\C
ore\Include -IC:\Users\ADMIN\AppData\Local\Arm\Packs\Keil\STM32F1xx_DFP\2.4.1\D
evice\Include --predefine="__EVAL SETA 1" --predefine="__UVISION_VERSION SETA 5
31" --predefine="_RTE_ SETA 1" --predefine="STM32F10X_MD SETA 1" --predefine="_
RTE_ SETA 1" --list=..\output\switch.lst ..\Component\switch.asm



ARM Macro Assembler    Page 1 Alphabetic symbol ordering
Relocatable symbols

rtos_function 00000000

Symbol: rtos_function
   Definitions
      At line 1 in file ..\Component\switch.asm
   Uses
      None
Comment: rtos_function unused
1 symbol
335 symbols in table
